Arguments: 
  /Users/aneil/.nvm/versions/node/v9.3.0/bin/node /Users/aneil/.nvm/versions/node/v9.3.0/bin/yarn test

PATH: 
  /Users/aneil/.machome/bin:/Users/aneil/bin:/usr/local/bin:/usr/bin:/bin:/usr/sbin:/sbin:/usr/local/MacGPG2/bin:/Applications/Wireshark.app/Contents/MacOS:/Users/aneil/.nvm/versions/node/v9.3.0/bin:/Users/aneil/.antigen/bundles/robbyrussell/oh-my-zsh/lib:/Users/aneil/.antigen/bundles/lukechilds/zsh-nvm:/Users/aneil/.antigen/bundles/robbyrussell/oh-my-zsh/plugins/git:/Users/aneil/.antigen/bundles/robbyrussell/oh-my-zsh/plugins/heroku:/Users/aneil/.antigen/bundles/robbyrussell/oh-my-zsh/plugins/command-not-found:/Users/aneil/.antigen/bundles/robbyrussell/oh-my-zsh/plugins/node:/Users/aneil/.antigen/bundles/robbyrussell/oh-my-zsh/plugins/rvm:/Users/aneil/.antigen/bundles/robbyrussell/oh-my-zsh/plugins/npm:/Users/aneil/.antigen/bundles/robbyrussell/oh-my-zsh/plugins/osx:/Users/aneil/.antigen/bundles/robbyrussell/oh-my-zsh/plugins/jsontools:/Users/aneil/.antigen/bundles/rummik/zsh-dokku:/Users/aneil/.antigen/bundles/zsh-users/fizsh:/Users/aneil/.antigen/bundles/zsh-users/zsh-syntax-highlighting:/Users/aneil/.antigen/bundles/zsh-users/zsh-history-substring-search:/Users/aneil/.antigen/bundles/tarruda/zsh-autosuggestions

Yarn version: 
  1.5.1

Node version: 
  9.3.0

Platform: 
  darwin x64

npm manifest: 
  {
    "name": "dynogels",
    "version": "9.0.0",
    "author": "Ryan Fitzgerald <ryan@codebrewstudios.com>",
    "contributors": [
      "Clarkie <andrew.t.clarke@gmail.com> (http://clarkie.io)"
    ],
    "description": "DynamoDB data mapper",
    "main": "index.js",
    "scripts": {
      "lint": "eslint .",
      "test": "make test",
      "ci": "make coverage",
      "coveralls": "cat coverage/lcov.info | coveralls"
    },
    "repository": "git://github.com/clarkie/dynogels.git",
    "keywords": [
      "datamapper",
      "DynamoDB",
      "dynamodb",
      "aws",
      "amazon",
      "nosql"
    ],
    "engines": {
      "node": ">=4"
    },
    "license": "MIT",
    "dependencies": {
      "async": "2.5.0",
      "aws-sdk": "2.131.0",
      "joi": "11.3.4",
      "lodash": "4.17.4",
      "uuid": "3.1.0"
    },
    "devDependencies": {
      "chai": "4.1.2",
      "coveralls": "3.0.0",
      "eslint": "^2.13.1",
      "eslint-config-airbnb-base": "^3.0.1",
      "eslint-plugin-import": "^1.11.1",
      "istanbul": "^0.4.4",
      "jscoverage": "^0.6.0",
      "mocha": "4.0.1",
      "sinon": "4.0.1"
    }
  }

yarn manifest: 
  No manifest

Lockfile: 
  No lockfile

Trace: 
  Error: Command failed.
  Exit code: 2
  Command: sh
  Arguments: -c make test
  Directory: /Users/aneil/code/dynogels
  Output:
  
      at ProcessTermError.MessageError (/Users/aneil/.nvm/versions/node/v9.3.0/lib/node_modules/yarn/lib/cli.js:186:110)
      at new ProcessTermError (/Users/aneil/.nvm/versions/node/v9.3.0/lib/node_modules/yarn/lib/cli.js:226:113)
      at ChildProcess.<anonymous> (/Users/aneil/.nvm/versions/node/v9.3.0/lib/node_modules/yarn/lib/cli.js:30281:17)
      at ChildProcess.emit (events.js:159:13)
      at maybeClose (internal/child_process.js:943:16)
      at Process.ChildProcess._handle.onexit (internal/child_process.js:220:5)
